2017-11-22 00:54:01 INFO  Log:24 - ****************************************************************************************
2017-11-22 00:54:02 INFO  Log:25 - ****************************************************************************************
2017-11-22 00:54:02 INFO  Log:26 - $$$$$$$$$$$$$$$$$$$$$                 testHomePage       $$$$$$$$$$$$$$$$$$$$$$$$$
2017-11-22 00:54:02 INFO  Log:27 - ****************************************************************************************
2017-11-22 00:54:02 INFO  Log:28 - ****************************************************************************************
2017-11-22 01:05:59 INFO  Log:24 - ****************************************************************************************
2017-11-22 01:05:59 INFO  Log:25 - ****************************************************************************************
2017-11-22 01:05:59 INFO  Log:26 - $$$$$$$$$$$$$$$$$$$$$                 testHomePage       $$$$$$$$$$$$$$$$$$$$$$$$$
2017-11-22 01:05:59 INFO  Log:27 - ****************************************************************************************
2017-11-22 01:05:59 INFO  Log:28 - ****************************************************************************************
2017-11-22 01:08:14 INFO  Log:24 - ****************************************************************************************
2017-11-22 01:08:14 INFO  Log:25 - ****************************************************************************************
2017-11-22 01:08:14 INFO  Log:26 - $$$$$$$$$$$$$$$$$$$$$                 testHomePage       $$$$$$$$$$$$$$$$$$$$$$$$$
2017-11-22 01:08:14 INFO  Log:27 - ****************************************************************************************
2017-11-22 01:08:14 INFO  Log:28 - ****************************************************************************************
2017-11-22 01:08:14 INFO  Log:36 - ****************************************************************************************
2017-11-22 01:08:14 INFO  Log:37 - ****************************************************************************************
2017-11-22 01:08:14 INFO  Log:38 - XXXXXXXXXXXXXXXXXXXXXXX             -E---N---D-             XXXXXXXXXXXXXXXXXXXXXX
2017-11-22 01:08:14 INFO  Log:39 - X
2017-11-22 01:08:14 INFO  Log:40 - X
2017-11-22 01:08:14 INFO  Log:41 - X
2017-11-22 01:08:14 INFO  Log:42 - X
2017-11-22 16:00:14 INFO  Log:24 - ****************************************************************************************
2017-11-22 16:00:14 INFO  Log:25 - ****************************************************************************************
2017-11-22 16:00:14 INFO  Log:26 - $$$$$$$$$$$$$$$$$$$$$                 testAddToCart       $$$$$$$$$$$$$$$$$$$$$$$$$
2017-11-22 16:00:14 INFO  Log:27 - ****************************************************************************************
2017-11-22 16:00:14 INFO  Log:28 - ****************************************************************************************
2017-11-22 16:01:30 INFO  Log:24 - ****************************************************************************************
2017-11-22 16:01:30 INFO  Log:25 - ****************************************************************************************
2017-11-22 16:01:30 INFO  Log:26 - $$$$$$$$$$$$$$$$$$$$$                 testAddToCart       $$$$$$$$$$$$$$$$$$$$$$$$$
2017-11-22 16:01:30 INFO  Log:27 - ****************************************************************************************
2017-11-22 16:01:30 INFO  Log:28 - ****************************************************************************************
2017-11-22 16:05:06 INFO  Log:24 - ****************************************************************************************
2017-11-22 16:05:06 INFO  Log:25 - ****************************************************************************************
2017-11-22 16:05:06 INFO  Log:26 - $$$$$$$$$$$$$$$$$$$$$                 testAddToCart       $$$$$$$$$$$$$$$$$$$$$$$$$
2017-11-22 16:05:06 INFO  Log:27 - ****************************************************************************************
2017-11-22 16:05:06 INFO  Log:28 - ****************************************************************************************
2017-11-22 16:07:53 INFO  Log:24 - ****************************************************************************************
2017-11-22 16:07:53 INFO  Log:25 - ****************************************************************************************
2017-11-22 16:07:53 INFO  Log:26 - $$$$$$$$$$$$$$$$$$$$$                 testAddToCart       $$$$$$$$$$$$$$$$$$$$$$$$$
2017-11-22 16:07:53 INFO  Log:27 - ****************************************************************************************
2017-11-22 16:07:53 INFO  Log:28 - ****************************************************************************************
2017-11-22 16:09:51 INFO  Log:24 - ****************************************************************************************
2017-11-22 16:09:51 INFO  Log:25 - ****************************************************************************************
2017-11-22 16:09:51 INFO  Log:26 - $$$$$$$$$$$$$$$$$$$$$                 testAddToCart       $$$$$$$$$$$$$$$$$$$$$$$$$
2017-11-22 16:09:51 INFO  Log:27 - ****************************************************************************************
2017-11-22 16:09:51 INFO  Log:28 - ****************************************************************************************
2017-11-22 16:11:12 INFO  Log:24 - ****************************************************************************************
2017-11-22 16:11:12 INFO  Log:25 - ****************************************************************************************
2017-11-22 16:11:12 INFO  Log:26 - $$$$$$$$$$$$$$$$$$$$$                 testAddToCart       $$$$$$$$$$$$$$$$$$$$$$$$$
2017-11-22 16:11:12 INFO  Log:27 - ****************************************************************************************
2017-11-22 16:11:12 INFO  Log:28 - ****************************************************************************************
2017-11-22 16:11:42 INFO  Log:24 - ****************************************************************************************
2017-11-22 16:11:42 INFO  Log:25 - ****************************************************************************************
2017-11-22 16:11:42 INFO  Log:26 - $$$$$$$$$$$$$$$$$$$$$                 testAddToCart       $$$$$$$$$$$$$$$$$$$$$$$$$
2017-11-22 16:11:42 INFO  Log:27 - ****************************************************************************************
2017-11-22 16:11:42 INFO  Log:28 - ****************************************************************************************
2017-11-22 16:15:27 INFO  Log:24 - ****************************************************************************************
2017-11-22 16:15:27 INFO  Log:25 - ****************************************************************************************
2017-11-22 16:15:27 INFO  Log:26 - $$$$$$$$$$$$$$$$$$$$$                 testAddToCart       $$$$$$$$$$$$$$$$$$$$$$$$$
2017-11-22 16:15:27 INFO  Log:27 - ****************************************************************************************
2017-11-22 16:15:27 INFO  Log:28 - ****************************************************************************************
2017-11-22 16:16:15 INFO  Log:24 - ****************************************************************************************
2017-11-22 16:16:15 INFO  Log:25 - ****************************************************************************************
2017-11-22 16:16:15 INFO  Log:26 - $$$$$$$$$$$$$$$$$$$$$                 testAddToCart       $$$$$$$$$$$$$$$$$$$$$$$$$
2017-11-22 16:16:15 INFO  Log:27 - ****************************************************************************************
2017-11-22 16:16:15 INFO  Log:28 - ****************************************************************************************
2017-11-22 16:19:53 INFO  Log:24 - ****************************************************************************************
2017-11-22 16:19:53 INFO  Log:25 - ****************************************************************************************
2017-11-22 16:19:53 INFO  Log:26 - $$$$$$$$$$$$$$$$$$$$$                 testAddToCart       $$$$$$$$$$$$$$$$$$$$$$$$$
2017-11-22 16:19:53 INFO  Log:27 - ****************************************************************************************
2017-11-22 16:19:53 INFO  Log:28 - ****************************************************************************************
2017-11-22 16:21:10 INFO  Log:24 - ****************************************************************************************
2017-11-22 16:21:10 INFO  Log:25 - ****************************************************************************************
2017-11-22 16:21:10 INFO  Log:26 - $$$$$$$$$$$$$$$$$$$$$                 testAddToCart       $$$$$$$$$$$$$$$$$$$$$$$$$
2017-11-22 16:21:10 INFO  Log:27 - ****************************************************************************************
2017-11-22 16:21:10 INFO  Log:28 - ****************************************************************************************
2017-11-22 16:24:27 INFO  Log:24 - ****************************************************************************************
2017-11-22 16:24:27 INFO  Log:25 - ****************************************************************************************
2017-11-22 16:24:27 INFO  Log:26 - $$$$$$$$$$$$$$$$$$$$$                 testAddToCart       $$$$$$$$$$$$$$$$$$$$$$$$$
2017-11-22 16:24:27 INFO  Log:27 - ****************************************************************************************
2017-11-22 16:24:27 INFO  Log:28 - ****************************************************************************************
2017-11-22 16:25:50 INFO  Log:24 - ****************************************************************************************
2017-11-22 16:25:50 INFO  Log:25 - ****************************************************************************************
2017-11-22 16:25:50 INFO  Log:26 - $$$$$$$$$$$$$$$$$$$$$                 testAddToCart       $$$$$$$$$$$$$$$$$$$$$$$$$
2017-11-22 16:25:50 INFO  Log:27 - ****************************************************************************************
2017-11-22 16:25:50 INFO  Log:28 - ****************************************************************************************
2017-11-22 16:38:09 INFO  Log:24 - ****************************************************************************************
2017-11-22 16:38:09 INFO  Log:25 - ****************************************************************************************
2017-11-22 16:38:09 INFO  Log:26 - $$$$$$$$$$$$$$$$$$$$$                 testAddToCart       $$$$$$$$$$$$$$$$$$$$$$$$$
2017-11-22 16:38:09 INFO  Log:27 - ****************************************************************************************
2017-11-22 16:38:09 INFO  Log:28 - ****************************************************************************************
2017-11-22 16:39:08 INFO  Log:24 - ****************************************************************************************
2017-11-22 16:39:08 INFO  Log:25 - ****************************************************************************************
2017-11-22 16:39:08 INFO  Log:26 - $$$$$$$$$$$$$$$$$$$$$                 testAddToCart       $$$$$$$$$$$$$$$$$$$$$$$$$
2017-11-22 16:39:08 INFO  Log:27 - ****************************************************************************************
2017-11-22 16:39:08 INFO  Log:28 - ****************************************************************************************
2017-11-22 16:40:07 INFO  Log:24 - ****************************************************************************************
2017-11-22 16:40:07 INFO  Log:25 - ****************************************************************************************
2017-11-22 16:40:07 INFO  Log:26 - $$$$$$$$$$$$$$$$$$$$$                 testAddToCart       $$$$$$$$$$$$$$$$$$$$$$$$$
2017-11-22 16:40:07 INFO  Log:27 - ****************************************************************************************
2017-11-22 16:40:07 INFO  Log:28 - ****************************************************************************************
2017-11-22 16:40:41 INFO  Log:24 - ****************************************************************************************
2017-11-22 16:40:41 INFO  Log:25 - ****************************************************************************************
2017-11-22 16:40:41 INFO  Log:26 - $$$$$$$$$$$$$$$$$$$$$                 testAddToCart       $$$$$$$$$$$$$$$$$$$$$$$$$
2017-11-22 16:40:41 INFO  Log:27 - ****************************************************************************************
2017-11-22 16:40:41 INFO  Log:28 - ****************************************************************************************
2017-11-22 16:42:08 INFO  Log:24 - ****************************************************************************************
2017-11-22 16:42:08 INFO  Log:25 - ****************************************************************************************
2017-11-22 16:42:08 INFO  Log:26 - $$$$$$$$$$$$$$$$$$$$$                 testAddToCart       $$$$$$$$$$$$$$$$$$$$$$$$$
2017-11-22 16:42:08 INFO  Log:27 - ****************************************************************************************
2017-11-22 16:42:08 INFO  Log:28 - ****************************************************************************************
2017-11-22 16:42:39 INFO  Log:24 - ****************************************************************************************
2017-11-22 16:42:39 INFO  Log:25 - ****************************************************************************************
2017-11-22 16:42:39 INFO  Log:26 - $$$$$$$$$$$$$$$$$$$$$                 testAddToCart       $$$$$$$$$$$$$$$$$$$$$$$$$
2017-11-22 16:42:39 INFO  Log:27 - ****************************************************************************************
2017-11-22 16:42:39 INFO  Log:28 - ****************************************************************************************
2017-11-22 16:45:14 INFO  Log:24 - ****************************************************************************************
2017-11-22 16:45:14 INFO  Log:25 - ****************************************************************************************
2017-11-22 16:45:14 INFO  Log:26 - $$$$$$$$$$$$$$$$$$$$$                 testAddToCart       $$$$$$$$$$$$$$$$$$$$$$$$$
2017-11-22 16:45:14 INFO  Log:27 - ****************************************************************************************
2017-11-22 16:45:14 INFO  Log:28 - ****************************************************************************************
2017-11-22 16:50:22 INFO  Log:24 - ****************************************************************************************
2017-11-22 16:50:22 INFO  Log:25 - ****************************************************************************************
2017-11-22 16:50:22 INFO  Log:26 - $$$$$$$$$$$$$$$$$$$$$                 testAddToCart       $$$$$$$$$$$$$$$$$$$$$$$$$
2017-11-22 16:50:22 INFO  Log:27 - ****************************************************************************************
2017-11-22 16:50:22 INFO  Log:28 - ****************************************************************************************
2017-11-22 16:55:02 INFO  Log:24 - ****************************************************************************************
2017-11-22 16:55:02 INFO  Log:25 - ****************************************************************************************
2017-11-22 16:55:02 INFO  Log:26 - $$$$$$$$$$$$$$$$$$$$$                 testAddToCart       $$$$$$$$$$$$$$$$$$$$$$$$$
2017-11-22 16:55:02 INFO  Log:27 - ****************************************************************************************
2017-11-22 16:55:02 INFO  Log:28 - ****************************************************************************************
2017-11-22 16:55:48 INFO  Log:24 - ****************************************************************************************
2017-11-22 16:55:48 INFO  Log:25 - ****************************************************************************************
2017-11-22 16:55:48 INFO  Log:26 - $$$$$$$$$$$$$$$$$$$$$                 testAddToCart       $$$$$$$$$$$$$$$$$$$$$$$$$
2017-11-22 16:55:48 INFO  Log:27 - ****************************************************************************************
2017-11-22 16:55:48 INFO  Log:28 - ****************************************************************************************
2017-11-22 16:56:33 INFO  Log:24 - ****************************************************************************************
2017-11-22 16:56:33 INFO  Log:25 - ****************************************************************************************
2017-11-22 16:56:33 INFO  Log:26 - $$$$$$$$$$$$$$$$$$$$$                 testAddToCart       $$$$$$$$$$$$$$$$$$$$$$$$$
2017-11-22 16:56:33 INFO  Log:27 - ****************************************************************************************
2017-11-22 16:56:33 INFO  Log:28 - ****************************************************************************************
2017-11-22 17:05:24 INFO  Log:24 - ****************************************************************************************
2017-11-22 17:05:24 INFO  Log:25 - ****************************************************************************************
2017-11-22 17:05:24 INFO  Log:26 - $$$$$$$$$$$$$$$$$$$$$                 testAddToCart       $$$$$$$$$$$$$$$$$$$$$$$$$
2017-11-22 17:05:24 INFO  Log:27 - ****************************************************************************************
2017-11-22 17:05:24 INFO  Log:28 - ****************************************************************************************
2017-11-22 17:05:41 INFO  Log:24 - ****************************************************************************************
2017-11-22 17:05:41 INFO  Log:25 - ****************************************************************************************
2017-11-22 17:05:41 INFO  Log:26 - $$$$$$$$$$$$$$$$$$$$$                 testAddToCart       $$$$$$$$$$$$$$$$$$$$$$$$$
2017-11-22 17:05:41 INFO  Log:27 - ****************************************************************************************
2017-11-22 17:05:41 INFO  Log:28 - ****************************************************************************************
2017-11-22 17:11:03 INFO  Log:24 - ****************************************************************************************
2017-11-22 17:11:03 INFO  Log:25 - ****************************************************************************************
2017-11-22 17:11:03 INFO  Log:26 - $$$$$$$$$$$$$$$$$$$$$                 testAddToCart       $$$$$$$$$$$$$$$$$$$$$$$$$
2017-11-22 17:11:03 INFO  Log:27 - ****************************************************************************************
2017-11-22 17:11:03 INFO  Log:28 - ****************************************************************************************
2017-11-22 17:13:39 INFO  Log:24 - ****************************************************************************************
2017-11-22 17:13:39 INFO  Log:25 - ****************************************************************************************
2017-11-22 17:13:39 INFO  Log:26 - $$$$$$$$$$$$$$$$$$$$$                 testAddToCart       $$$$$$$$$$$$$$$$$$$$$$$$$
2017-11-22 17:13:39 INFO  Log:27 - ****************************************************************************************
2017-11-22 17:13:39 INFO  Log:28 - ****************************************************************************************
2017-11-22 17:15:42 INFO  Log:24 - ****************************************************************************************
2017-11-22 17:15:42 INFO  Log:25 - ****************************************************************************************
2017-11-22 17:15:42 INFO  Log:26 - $$$$$$$$$$$$$$$$$$$$$                 testAddToCart       $$$$$$$$$$$$$$$$$$$$$$$$$
2017-11-22 17:15:42 INFO  Log:27 - ****************************************************************************************
2017-11-22 17:15:42 INFO  Log:28 - ****************************************************************************************
2017-11-22 17:16:01 INFO  Log:24 - ****************************************************************************************
2017-11-22 17:16:01 INFO  Log:25 - ****************************************************************************************
2017-11-22 17:16:01 INFO  Log:26 - $$$$$$$$$$$$$$$$$$$$$                 testAddToCart       $$$$$$$$$$$$$$$$$$$$$$$$$
2017-11-22 17:16:01 INFO  Log:27 - ****************************************************************************************
2017-11-22 17:16:01 INFO  Log:28 - ****************************************************************************************
2017-11-22 17:16:53 INFO  Log:24 - ****************************************************************************************
2017-11-22 17:16:53 INFO  Log:25 - ****************************************************************************************
2017-11-22 17:16:53 INFO  Log:26 - $$$$$$$$$$$$$$$$$$$$$                 testAddToCart       $$$$$$$$$$$$$$$$$$$$$$$$$
2017-11-22 17:16:53 INFO  Log:27 - ****************************************************************************************
2017-11-22 17:16:53 INFO  Log:28 - ****************************************************************************************
2017-11-22 17:17:13 INFO  Log:24 - ****************************************************************************************
2017-11-22 17:17:13 INFO  Log:25 - ****************************************************************************************
2017-11-22 17:17:13 INFO  Log:26 - $$$$$$$$$$$$$$$$$$$$$                 testAddToCart       $$$$$$$$$$$$$$$$$$$$$$$$$
2017-11-22 17:17:13 INFO  Log:27 - ****************************************************************************************
2017-11-22 17:17:13 INFO  Log:28 - ****************************************************************************************
2017-11-22 17:17:46 INFO  Log:24 - ****************************************************************************************
2017-11-22 17:17:46 INFO  Log:25 - ****************************************************************************************
2017-11-22 17:17:46 INFO  Log:26 - $$$$$$$$$$$$$$$$$$$$$                 testAddToCart       $$$$$$$$$$$$$$$$$$$$$$$$$
2017-11-22 17:17:46 INFO  Log:27 - ****************************************************************************************
2017-11-22 17:17:46 INFO  Log:28 - ****************************************************************************************
2017-11-22 17:20:49 INFO  Log:24 - ****************************************************************************************
2017-11-22 17:20:49 INFO  Log:25 - ****************************************************************************************
2017-11-22 17:20:49 INFO  Log:26 - $$$$$$$$$$$$$$$$$$$$$                 testAddToCart       $$$$$$$$$$$$$$$$$$$$$$$$$
2017-11-22 17:20:49 INFO  Log:27 - ****************************************************************************************
2017-11-22 17:20:49 INFO  Log:28 - ****************************************************************************************
2017-11-22 17:24:16 INFO  Log:24 - ****************************************************************************************
2017-11-22 17:24:16 INFO  Log:25 - ****************************************************************************************
2017-11-22 17:24:16 INFO  Log:26 - $$$$$$$$$$$$$$$$$$$$$                 testAddToCart       $$$$$$$$$$$$$$$$$$$$$$$$$
2017-11-22 17:24:16 INFO  Log:27 - ****************************************************************************************
2017-11-22 17:24:16 INFO  Log:28 - ****************************************************************************************
2017-11-22 17:30:12 INFO  Log:24 - ****************************************************************************************
2017-11-22 17:30:12 INFO  Log:25 - ****************************************************************************************
2017-11-22 17:30:12 INFO  Log:26 - $$$$$$$$$$$$$$$$$$$$$                 testAddToCart       $$$$$$$$$$$$$$$$$$$$$$$$$
2017-11-22 17:30:12 INFO  Log:27 - ****************************************************************************************
2017-11-22 17:30:12 INFO  Log:28 - ****************************************************************************************
2017-11-22 17:30:32 INFO  Log:24 - ****************************************************************************************
2017-11-22 17:30:32 INFO  Log:25 - ****************************************************************************************
2017-11-22 17:30:32 INFO  Log:26 - $$$$$$$$$$$$$$$$$$$$$                 testAddToCart       $$$$$$$$$$$$$$$$$$$$$$$$$
2017-11-22 17:30:32 INFO  Log:27 - ****************************************************************************************
2017-11-22 17:30:32 INFO  Log:28 - ****************************************************************************************
2017-11-22 17:31:42 INFO  Log:24 - ****************************************************************************************
2017-11-22 17:31:42 INFO  Log:25 - ****************************************************************************************
2017-11-22 17:31:42 INFO  Log:26 - $$$$$$$$$$$$$$$$$$$$$                 testAddToCart       $$$$$$$$$$$$$$$$$$$$$$$$$
2017-11-22 17:31:42 INFO  Log:27 - ****************************************************************************************
2017-11-22 17:31:42 INFO  Log:28 - ****************************************************************************************
2017-11-22 17:41:27 INFO  Log:24 - ****************************************************************************************
2017-11-22 17:41:27 INFO  Log:25 - ****************************************************************************************
2017-11-22 17:41:27 INFO  Log:26 - $$$$$$$$$$$$$$$$$$$$$                 testAddToCart       $$$$$$$$$$$$$$$$$$$$$$$$$
2017-11-22 17:41:27 INFO  Log:27 - ****************************************************************************************
2017-11-22 17:41:27 INFO  Log:28 - ****************************************************************************************
2017-11-22 17:41:43 INFO  Log:24 - ****************************************************************************************
2017-11-22 17:41:43 INFO  Log:25 - ****************************************************************************************
2017-11-22 17:41:43 INFO  Log:26 - $$$$$$$$$$$$$$$$$$$$$                 testAddToCart       $$$$$$$$$$$$$$$$$$$$$$$$$
2017-11-22 17:41:43 INFO  Log:27 - ****************************************************************************************
2017-11-22 17:41:43 INFO  Log:28 - ****************************************************************************************
2017-11-22 17:42:53 INFO  Log:24 - ****************************************************************************************
2017-11-22 17:42:53 INFO  Log:25 - ****************************************************************************************
2017-11-22 17:42:53 INFO  Log:26 - $$$$$$$$$$$$$$$$$$$$$                 testAddToCart       $$$$$$$$$$$$$$$$$$$$$$$$$
2017-11-22 17:42:53 INFO  Log:27 - ****************************************************************************************
2017-11-22 17:42:53 INFO  Log:28 - ****************************************************************************************
2017-11-22 17:43:10 INFO  Log:24 - ****************************************************************************************
2017-11-22 17:43:10 INFO  Log:25 - ****************************************************************************************
2017-11-22 17:43:10 INFO  Log:26 - $$$$$$$$$$$$$$$$$$$$$                 testAddToCart       $$$$$$$$$$$$$$$$$$$$$$$$$
2017-11-22 17:43:10 INFO  Log:27 - ****************************************************************************************
2017-11-22 17:43:10 INFO  Log:28 - ****************************************************************************************
2017-11-22 17:43:27 INFO  Log:24 - ****************************************************************************************
2017-11-22 17:43:27 INFO  Log:25 - ****************************************************************************************
2017-11-22 17:43:27 INFO  Log:26 - $$$$$$$$$$$$$$$$$$$$$                 testAddToCart       $$$$$$$$$$$$$$$$$$$$$$$$$
2017-11-22 17:43:27 INFO  Log:27 - ****************************************************************************************
2017-11-22 17:43:27 INFO  Log:28 - ****************************************************************************************
2017-11-22 17:44:33 INFO  Log:24 - ****************************************************************************************
2017-11-22 17:44:33 INFO  Log:25 - ****************************************************************************************
2017-11-22 17:44:33 INFO  Log:26 - $$$$$$$$$$$$$$$$$$$$$                 testAddToCart       $$$$$$$$$$$$$$$$$$$$$$$$$
2017-11-22 17:44:33 INFO  Log:27 - ****************************************************************************************
2017-11-22 17:44:33 INFO  Log:28 - ****************************************************************************************
2017-11-22 17:45:08 INFO  Log:24 - ****************************************************************************************
2017-11-22 17:45:08 INFO  Log:25 - ****************************************************************************************
2017-11-22 17:45:08 INFO  Log:26 - $$$$$$$$$$$$$$$$$$$$$                 testAddToCart       $$$$$$$$$$$$$$$$$$$$$$$$$
2017-11-22 17:45:08 INFO  Log:27 - ****************************************************************************************
2017-11-22 17:45:08 INFO  Log:28 - ****************************************************************************************
2017-11-22 17:46:09 INFO  Log:24 - ****************************************************************************************
2017-11-22 17:46:09 INFO  Log:25 - ****************************************************************************************
2017-11-22 17:46:09 INFO  Log:26 - $$$$$$$$$$$$$$$$$$$$$                 testAddToCart       $$$$$$$$$$$$$$$$$$$$$$$$$
2017-11-22 17:46:09 INFO  Log:27 - ****************************************************************************************
2017-11-22 17:46:09 INFO  Log:28 - ****************************************************************************************
2017-11-22 17:46:22 INFO  Log:24 - ****************************************************************************************
2017-11-22 17:46:22 INFO  Log:25 - ****************************************************************************************
2017-11-22 17:46:22 INFO  Log:26 - $$$$$$$$$$$$$$$$$$$$$                 testAddToCart       $$$$$$$$$$$$$$$$$$$$$$$$$
2017-11-22 17:46:22 INFO  Log:27 - ****************************************************************************************
2017-11-22 17:46:22 INFO  Log:28 - ****************************************************************************************
2017-11-22 17:46:37 INFO  Log:24 - ****************************************************************************************
2017-11-22 17:46:37 INFO  Log:25 - ****************************************************************************************
2017-11-22 17:46:37 INFO  Log:26 - $$$$$$$$$$$$$$$$$$$$$                 testAddToCart       $$$$$$$$$$$$$$$$$$$$$$$$$
2017-11-22 17:46:37 INFO  Log:27 - ****************************************************************************************
2017-11-22 17:46:37 INFO  Log:28 - ****************************************************************************************
2017-11-22 18:07:06 INFO  Log:24 - ****************************************************************************************
2017-11-22 18:07:06 INFO  Log:25 - ****************************************************************************************
2017-11-22 18:07:06 INFO  Log:26 - $$$$$$$$$$$$$$$$$$$$$                 testAddToCart       $$$$$$$$$$$$$$$$$$$$$$$$$
2017-11-22 18:07:06 INFO  Log:27 - ****************************************************************************************
2017-11-22 18:07:06 INFO  Log:28 - ****************************************************************************************
2017-11-22 18:17:46 INFO  Log:24 - ****************************************************************************************
2017-11-22 18:17:46 INFO  Log:25 - ****************************************************************************************
2017-11-22 18:17:46 INFO  Log:26 - $$$$$$$$$$$$$$$$$$$$$                 testAddToCart       $$$$$$$$$$$$$$$$$$$$$$$$$
2017-11-22 18:17:46 INFO  Log:27 - ****************************************************************************************
2017-11-22 18:17:46 INFO  Log:28 - ****************************************************************************************
2017-11-22 18:29:31 INFO  Log:24 - ****************************************************************************************
2017-11-22 18:29:31 INFO  Log:25 - ****************************************************************************************
2017-11-22 18:29:31 INFO  Log:26 - $$$$$$$$$$$$$$$$$$$$$                 testAddToCart       $$$$$$$$$$$$$$$$$$$$$$$$$
2017-11-22 18:29:31 INFO  Log:27 - ****************************************************************************************
2017-11-22 18:29:31 INFO  Log:28 - ****************************************************************************************
2017-11-22 18:30:26 INFO  Log:24 - ****************************************************************************************
2017-11-22 18:30:26 INFO  Log:25 - ****************************************************************************************
2017-11-22 18:30:26 INFO  Log:26 - $$$$$$$$$$$$$$$$$$$$$                 testAddToCart       $$$$$$$$$$$$$$$$$$$$$$$$$
2017-11-22 18:30:26 INFO  Log:27 - ****************************************************************************************
2017-11-22 18:30:26 INFO  Log:28 - ****************************************************************************************
2017-11-22 18:31:36 INFO  Log:24 - ****************************************************************************************
2017-11-22 18:31:36 INFO  Log:25 - ****************************************************************************************
2017-11-22 18:31:36 INFO  Log:26 - $$$$$$$$$$$$$$$$$$$$$                 testHomePage       $$$$$$$$$$$$$$$$$$$$$$$$$
2017-11-22 18:31:36 INFO  Log:27 - ****************************************************************************************
2017-11-22 18:31:36 INFO  Log:28 - ****************************************************************************************
2017-11-22 18:36:59 INFO  Log:24 - ****************************************************************************************
2017-11-22 18:36:59 INFO  Log:25 - ****************************************************************************************
2017-11-22 18:36:59 INFO  Log:26 - $$$$$$$$$$$$$$$$$$$$$                 testAddToCart       $$$$$$$$$$$$$$$$$$$$$$$$$
2017-11-22 18:36:59 INFO  Log:27 - ****************************************************************************************
2017-11-22 18:36:59 INFO  Log:28 - ****************************************************************************************
2017-11-22 18:37:49 INFO  Log:24 - ****************************************************************************************
2017-11-22 18:37:49 INFO  Log:25 - ****************************************************************************************
2017-11-22 18:37:49 INFO  Log:26 - $$$$$$$$$$$$$$$$$$$$$                 testAddToCart       $$$$$$$$$$$$$$$$$$$$$$$$$
2017-11-22 18:37:49 INFO  Log:27 - ****************************************************************************************
2017-11-22 18:37:49 INFO  Log:28 - ****************************************************************************************
2017-11-22 18:38:39 INFO  Log:24 - ****************************************************************************************
2017-11-22 18:38:39 INFO  Log:25 - ****************************************************************************************
2017-11-22 18:38:39 INFO  Log:26 - $$$$$$$$$$$$$$$$$$$$$                 testAddToCart       $$$$$$$$$$$$$$$$$$$$$$$$$
2017-11-22 18:38:39 INFO  Log:27 - ****************************************************************************************
2017-11-22 18:38:39 INFO  Log:28 - ****************************************************************************************
2017-11-22 18:41:23 INFO  Log:24 - ****************************************************************************************
2017-11-22 18:41:23 INFO  Log:25 - ****************************************************************************************
2017-11-22 18:41:23 INFO  Log:26 - $$$$$$$$$$$$$$$$$$$$$                 testAddToCart       $$$$$$$$$$$$$$$$$$$$$$$$$
2017-11-22 18:41:23 INFO  Log:27 - ****************************************************************************************
2017-11-22 18:41:23 INFO  Log:28 - ****************************************************************************************
2017-11-22 18:41:57 INFO  Log:24 - ****************************************************************************************
2017-11-22 18:41:57 INFO  Log:25 - ****************************************************************************************
2017-11-22 18:41:57 INFO  Log:26 - $$$$$$$$$$$$$$$$$$$$$                 testAddToCart       $$$$$$$$$$$$$$$$$$$$$$$$$
2017-11-22 18:41:57 INFO  Log:27 - ****************************************************************************************
2017-11-22 18:41:57 INFO  Log:28 - ****************************************************************************************
2017-11-22 18:42:23 INFO  Log:24 - ****************************************************************************************
2017-11-22 18:42:23 INFO  Log:25 - ****************************************************************************************
2017-11-22 18:42:23 INFO  Log:26 - $$$$$$$$$$$$$$$$$$$$$                 testHomePage       $$$$$$$$$$$$$$$$$$$$$$$$$
2017-11-22 18:42:23 INFO  Log:27 - ****************************************************************************************
2017-11-22 18:42:23 INFO  Log:28 - ****************************************************************************************
2017-11-22 18:44:10 INFO  Log:24 - ****************************************************************************************
2017-11-22 18:44:10 INFO  Log:25 - ****************************************************************************************
2017-11-22 18:44:10 INFO  Log:26 - $$$$$$$$$$$$$$$$$$$$$                 testAddToCart       $$$$$$$$$$$$$$$$$$$$$$$$$
2017-11-22 18:44:10 INFO  Log:27 - ****************************************************************************************
2017-11-22 18:44:10 INFO  Log:28 - ****************************************************************************************
2017-11-22 18:44:36 INFO  Log:24 - ****************************************************************************************
2017-11-22 18:44:36 INFO  Log:25 - ****************************************************************************************
2017-11-22 18:44:36 INFO  Log:26 - $$$$$$$$$$$$$$$$$$$$$                 testHomePage       $$$$$$$$$$$$$$$$$$$$$$$$$
2017-11-22 18:44:36 INFO  Log:27 - ****************************************************************************************
2017-11-22 18:44:36 INFO  Log:28 - ****************************************************************************************
2017-11-22 18:56:07 INFO  Log:24 - ****************************************************************************************
2017-11-22 18:56:08 INFO  Log:25 - ****************************************************************************************
2017-11-22 18:56:08 INFO  Log:26 - $$$$$$$$$$$$$$$$$$$$$                 testAddToCart       $$$$$$$$$$$$$$$$$$$$$$$$$
2017-11-22 18:56:08 INFO  Log:27 - ****************************************************************************************
2017-11-22 18:56:08 INFO  Log:28 - ****************************************************************************************
2017-11-22 18:56:45 INFO  Log:24 - ****************************************************************************************
2017-11-22 18:56:45 INFO  Log:25 - ****************************************************************************************
2017-11-22 18:56:45 INFO  Log:26 - $$$$$$$$$$$$$$$$$$$$$                 testHomePage       $$$$$$$$$$$$$$$$$$$$$$$$$
2017-11-22 18:56:45 INFO  Log:27 - ****************************************************************************************
2017-11-22 18:56:45 INFO  Log:28 - ****************************************************************************************
2017-11-22 18:58:49 INFO  Log:24 - ****************************************************************************************
2017-11-22 18:58:49 INFO  Log:25 - ****************************************************************************************
2017-11-22 18:58:49 INFO  Log:26 - $$$$$$$$$$$$$$$$$$$$$                 testAddToCart       $$$$$$$$$$$$$$$$$$$$$$$$$
2017-11-22 18:58:49 INFO  Log:27 - ****************************************************************************************
2017-11-22 18:58:49 INFO  Log:28 - ****************************************************************************************
2017-11-22 18:59:15 INFO  Log:24 - ****************************************************************************************
2017-11-22 18:59:15 INFO  Log:25 - ****************************************************************************************
2017-11-22 18:59:15 INFO  Log:26 - $$$$$$$$$$$$$$$$$$$$$                 testHomePage       $$$$$$$$$$$$$$$$$$$$$$$$$
2017-11-22 18:59:15 INFO  Log:27 - ****************************************************************************************
2017-11-22 18:59:15 INFO  Log:28 - ****************************************************************************************
2017-11-22 19:04:21 INFO  Log:24 - ****************************************************************************************
2017-11-22 19:04:21 INFO  Log:25 - ****************************************************************************************
2017-11-22 19:04:21 INFO  Log:26 - $$$$$$$$$$$$$$$$$$$$$                 testAddToCart       $$$$$$$$$$$$$$$$$$$$$$$$$
2017-11-22 19:04:21 INFO  Log:27 - ****************************************************************************************
2017-11-22 19:04:21 INFO  Log:28 - ****************************************************************************************
2017-11-22 19:04:51 INFO  Log:24 - ****************************************************************************************
2017-11-22 19:04:51 INFO  Log:25 - ****************************************************************************************
2017-11-22 19:04:51 INFO  Log:26 - $$$$$$$$$$$$$$$$$$$$$                 testHomePage       $$$$$$$$$$$$$$$$$$$$$$$$$
2017-11-22 19:04:51 INFO  Log:27 - ****************************************************************************************
2017-11-22 19:04:51 INFO  Log:28 - ****************************************************************************************
2017-11-22 19:08:04 INFO  Log:24 - ****************************************************************************************
2017-11-22 19:08:04 INFO  Log:25 - ****************************************************************************************
2017-11-22 19:08:04 INFO  Log:26 - $$$$$$$$$$$$$$$$$$$$$                 testAddToCart       $$$$$$$$$$$$$$$$$$$$$$$$$
2017-11-22 19:08:04 INFO  Log:27 - ****************************************************************************************
2017-11-22 19:08:04 INFO  Log:28 - ****************************************************************************************
2017-11-22 19:08:33 INFO  Log:24 - ****************************************************************************************
2017-11-22 19:08:33 INFO  Log:25 - ****************************************************************************************
2017-11-22 19:08:33 INFO  Log:26 - $$$$$$$$$$$$$$$$$$$$$                 testHomePage       $$$$$$$$$$$$$$$$$$$$$$$$$
2017-11-22 19:08:33 INFO  Log:27 - ****************************************************************************************
2017-11-22 19:08:33 INFO  Log:28 - ****************************************************************************************
2017-11-22 19:11:03 INFO  Log:24 - ****************************************************************************************
2017-11-22 19:11:03 INFO  Log:25 - ****************************************************************************************
2017-11-22 19:11:03 INFO  Log:26 - $$$$$$$$$$$$$$$$$$$$$                 testAddToCart       $$$$$$$$$$$$$$$$$$$$$$$$$
2017-11-22 19:11:03 INFO  Log:27 - ****************************************************************************************
2017-11-22 19:11:03 INFO  Log:28 - ****************************************************************************************
2017-11-22 19:11:29 INFO  Log:24 - ****************************************************************************************
2017-11-22 19:11:29 INFO  Log:25 - ****************************************************************************************
2017-11-22 19:11:29 INFO  Log:26 - $$$$$$$$$$$$$$$$$$$$$                 testHomePage       $$$$$$$$$$$$$$$$$$$$$$$$$
2017-11-22 19:11:29 INFO  Log:27 - ****************************************************************************************
2017-11-22 19:11:29 INFO  Log:28 - ****************************************************************************************
2017-11-22 19:13:19 INFO  Log:24 - ****************************************************************************************
2017-11-22 19:13:19 INFO  Log:25 - ****************************************************************************************
2017-11-22 19:13:19 INFO  Log:26 - $$$$$$$$$$$$$$$$$$$$$                 testAddToCart       $$$$$$$$$$$$$$$$$$$$$$$$$
2017-11-22 19:13:19 INFO  Log:27 - ****************************************************************************************
2017-11-22 19:13:19 INFO  Log:28 - ****************************************************************************************
2017-11-22 19:13:45 INFO  Log:24 - ****************************************************************************************
2017-11-22 19:13:45 INFO  Log:25 - ****************************************************************************************
2017-11-22 19:13:45 INFO  Log:26 - $$$$$$$$$$$$$$$$$$$$$                 testHomePage       $$$$$$$$$$$$$$$$$$$$$$$$$
2017-11-22 19:13:45 INFO  Log:27 - ****************************************************************************************
2017-11-22 19:13:45 INFO  Log:28 - ****************************************************************************************
2017-11-22 19:14:39 INFO  Log:24 - ****************************************************************************************
2017-11-22 19:14:39 INFO  Log:25 - ****************************************************************************************
2017-11-22 19:14:39 INFO  Log:26 - $$$$$$$$$$$$$$$$$$$$$                 testAddToCart       $$$$$$$$$$$$$$$$$$$$$$$$$
2017-11-22 19:14:39 INFO  Log:27 - ****************************************************************************************
2017-11-22 19:14:39 INFO  Log:28 - ****************************************************************************************
2017-11-22 19:14:49 INFO  Log:24 - ****************************************************************************************
2017-11-22 19:14:49 INFO  Log:25 - ****************************************************************************************
2017-11-22 19:14:49 INFO  Log:26 - $$$$$$$$$$$$$$$$$$$$$                 testHomePage       $$$$$$$$$$$$$$$$$$$$$$$$$
2017-11-22 19:14:49 INFO  Log:27 - ****************************************************************************************
2017-11-22 19:14:49 INFO  Log:28 - ****************************************************************************************
2017-11-22 19:14:49 INFO  Log:36 - ****************************************************************************************
2017-11-22 19:14:49 INFO  Log:37 - ****************************************************************************************
2017-11-22 19:14:49 INFO  Log:38 - XXXXXXXXXXXXXXXXXXXXXXX             -E---N---D-             XXXXXXXXXXXXXXXXXXXXXX
2017-11-22 19:14:49 INFO  Log:39 - X
2017-11-22 19:14:49 INFO  Log:40 - X
2017-11-22 19:14:49 INFO  Log:41 - X
2017-11-22 19:14:49 INFO  Log:42 - X
2017-11-22 19:15:20 INFO  Log:24 - ****************************************************************************************
2017-11-22 19:15:20 INFO  Log:25 - ****************************************************************************************
2017-11-22 19:15:20 INFO  Log:26 - $$$$$$$$$$$$$$$$$$$$$                 testAddToCart       $$$$$$$$$$$$$$$$$$$$$$$$$
2017-11-22 19:15:20 INFO  Log:27 - ****************************************************************************************
2017-11-22 19:15:20 INFO  Log:28 - ****************************************************************************************
2017-11-22 19:18:46 INFO  Log:24 - ****************************************************************************************
2017-11-22 19:18:46 INFO  Log:25 - ****************************************************************************************
2017-11-22 19:18:46 INFO  Log:26 - $$$$$$$$$$$$$$$$$$$$$                 testAddToCart       $$$$$$$$$$$$$$$$$$$$$$$$$
2017-11-22 19:18:46 INFO  Log:27 - ****************************************************************************************
2017-11-22 19:18:46 INFO  Log:28 - ****************************************************************************************
2017-11-22 19:21:07 INFO  Log:24 - ****************************************************************************************
2017-11-22 19:21:07 INFO  Log:25 - ****************************************************************************************
2017-11-22 19:21:07 INFO  Log:26 - $$$$$$$$$$$$$$$$$$$$$                 testAddToCart       $$$$$$$$$$$$$$$$$$$$$$$$$
2017-11-22 19:21:07 INFO  Log:27 - ****************************************************************************************
2017-11-22 19:21:07 INFO  Log:28 - ****************************************************************************************
2017-11-22 19:25:08 INFO  Log:24 - ****************************************************************************************
2017-11-22 19:25:08 INFO  Log:25 - ****************************************************************************************
2017-11-22 19:25:08 INFO  Log:26 - $$$$$$$$$$$$$$$$$$$$$                 testHomePage       $$$$$$$$$$$$$$$$$$$$$$$$$
2017-11-22 19:25:08 INFO  Log:27 - ****************************************************************************************
2017-11-22 19:25:08 INFO  Log:28 - ****************************************************************************************
2017-11-22 19:29:03 INFO  Log:24 - ****************************************************************************************
2017-11-22 19:29:03 INFO  Log:25 - ****************************************************************************************
2017-11-22 19:29:03 INFO  Log:26 - $$$$$$$$$$$$$$$$$$$$$                 testAddToCart       $$$$$$$$$$$$$$$$$$$$$$$$$
2017-11-22 19:29:03 INFO  Log:27 - ****************************************************************************************
2017-11-22 19:29:03 INFO  Log:28 - ****************************************************************************************
2017-11-22 19:29:29 INFO  Log:24 - ****************************************************************************************
2017-11-22 19:29:29 INFO  Log:25 - ****************************************************************************************
2017-11-22 19:29:29 INFO  Log:26 - $$$$$$$$$$$$$$$$$$$$$                 testHomePage       $$$$$$$$$$$$$$$$$$$$$$$$$
2017-11-22 19:29:29 INFO  Log:27 - ****************************************************************************************
2017-11-22 19:29:29 INFO  Log:28 - ****************************************************************************************
2017-11-22 19:30:12 INFO  Log:24 - ****************************************************************************************
2017-11-22 19:30:12 INFO  Log:25 - ****************************************************************************************
2017-11-22 19:30:12 INFO  Log:26 - $$$$$$$$$$$$$$$$$$$$$                 testAddToCart       $$$$$$$$$$$$$$$$$$$$$$$$$
2017-11-22 19:30:12 INFO  Log:27 - ****************************************************************************************
2017-11-22 19:30:12 INFO  Log:28 - ****************************************************************************************
2017-11-22 19:39:46 INFO  Log:36 - ****************************************************************************************
2017-11-22 19:39:46 INFO  Log:37 - ****************************************************************************************
2017-11-22 19:39:46 INFO  Log:38 - XXXXXXXXXXXXXXXXXXXXXXX             -E---N---D-             XXXXXXXXXXXXXXXXXXXXXX
2017-11-22 19:39:46 INFO  Log:39 - X
2017-11-22 19:39:46 INFO  Log:40 - X
2017-11-22 19:39:46 INFO  Log:41 - X
2017-11-22 19:39:46 INFO  Log:42 - X
2017-11-22 19:39:46 INFO  Log:24 - ****************************************************************************************
2017-11-22 19:39:46 INFO  Log:25 - ****************************************************************************************
2017-11-22 19:39:46 INFO  Log:26 - $$$$$$$$$$$$$$$$$$$$$                 testHomePage       $$$$$$$$$$$$$$$$$$$$$$$$$
2017-11-22 19:39:46 INFO  Log:27 - ****************************************************************************************
2017-11-22 19:39:46 INFO  Log:28 - ****************************************************************************************
2017-11-22 19:40:40 INFO  Log:24 - ****************************************************************************************
2017-11-22 19:40:40 INFO  Log:25 - ****************************************************************************************
2017-11-22 19:40:40 INFO  Log:26 - $$$$$$$$$$$$$$$$$$$$$                 testAddToCart       $$$$$$$$$$$$$$$$$$$$$$$$$
2017-11-22 19:40:40 INFO  Log:27 - ****************************************************************************************
2017-11-22 19:40:40 INFO  Log:28 - ****************************************************************************************
2017-11-22 19:41:07 INFO  Log:36 - ****************************************************************************************
2017-11-22 19:41:07 INFO  Log:37 - ****************************************************************************************
2017-11-22 19:41:07 INFO  Log:38 - XXXXXXXXXXXXXXXXXXXXXXX             -E---N---D-             XXXXXXXXXXXXXXXXXXXXXX
2017-11-22 19:41:07 INFO  Log:39 - X
2017-11-22 19:41:07 INFO  Log:40 - X
2017-11-22 19:41:07 INFO  Log:41 - X
2017-11-22 19:41:07 INFO  Log:42 - X
2017-11-22 19:41:07 INFO  Log:24 - ****************************************************************************************
2017-11-22 19:41:07 INFO  Log:25 - ****************************************************************************************
2017-11-22 19:41:07 INFO  Log:26 - $$$$$$$$$$$$$$$$$$$$$                 testHomePage       $$$$$$$$$$$$$$$$$$$$$$$$$
2017-11-22 19:41:07 INFO  Log:27 - ****************************************************************************************
2017-11-22 19:41:07 INFO  Log:28 - ****************************************************************************************
2017-11-22 19:42:12 INFO  Log:24 - ****************************************************************************************
2017-11-22 19:42:12 INFO  Log:25 - ****************************************************************************************
2017-11-22 19:42:12 INFO  Log:26 - $$$$$$$$$$$$$$$$$$$$$                 testAddToCart       $$$$$$$$$$$$$$$$$$$$$$$$$
2017-11-22 19:42:12 INFO  Log:27 - ****************************************************************************************
2017-11-22 19:42:12 INFO  Log:28 - ****************************************************************************************
2017-11-22 19:42:42 INFO  Log:36 - ****************************************************************************************
2017-11-22 19:42:42 INFO  Log:37 - ****************************************************************************************
2017-11-22 19:42:42 INFO  Log:38 - XXXXXXXXXXXXXXXXXXXXXXX             -E---N---D-             XXXXXXXXXXXXXXXXXXXXXX
2017-11-22 19:42:42 INFO  Log:39 - X
2017-11-22 19:42:42 INFO  Log:40 - X
2017-11-22 19:42:42 INFO  Log:41 - X
2017-11-22 19:42:42 INFO  Log:42 - X
